<?xml version="1.0" encoding="UTF-8"?>
<robot generator="Robot 7.1 (Python 3.10.12 on linux)" generated="2024-09-23T12:00:16.953091" rpa="false" schemaversion="5">
<suite id="s1" name="Horadoqa" source="/home/rfahham/projetos/robotframework/projetos/horadoqa/src/tests/horadoqa.robot">
<test id="s1-t1" name="Cenário1: Enviar dados pelo site" line="46">
<kw name="Given que o usuário acessou o site">
<kw name="Open Browser" owner="SeleniumLibrary">
<msg time="2024-09-23T12:00:17.181315" level="INFO">Opening browser 'chrome' to base url 'http://127.0.0.1:5500/src/fe/index.html'.</msg>
<arg>${url}</arg>
<arg>chrome</arg>
<doc>Opens a new browser instance to the optional ``url``.</doc>
<status status="PASS" start="2024-09-23T12:00:17.180529" elapsed="0.623273"/>
</kw>
<status status="PASS" start="2024-09-23T12:00:17.179737" elapsed="0.624644"/>
</kw>
<kw name="And escolheu um item da lista de frameworks">
<kw name="Click Element" owner="SeleniumLibrary">
<msg time="2024-09-23T12:00:17.807466" level="INFO">Clicking element '//*[@id="select-itens"]/option[3]'.</msg>
<arg>${frameworks}</arg>
<doc>Click the element identified by ``locator``.</doc>
<status status="PASS" start="2024-09-23T12:00:17.806290" elapsed="0.053129"/>
</kw>
<kw name="Sleep" owner="BuiltIn">
<msg time="2024-09-23T12:00:22.860911" level="INFO">Slept 5 seconds.</msg>
<arg>5s</arg>
<doc>Pauses the test executed for the given time.</doc>
<status status="PASS" start="2024-09-23T12:00:17.860031" elapsed="5.001293"/>
</kw>
<status status="PASS" start="2024-09-23T12:00:17.805187" elapsed="5.056391"/>
</kw>
<kw name="And digitou algo sobre a escolha">
<kw name="Input Text" owner="SeleniumLibrary">
<msg time="2024-09-23T12:00:22.863371" level="INFO">Typing text 'Robot Framework is an open source automation framework for test automation and robotic process automation (RPA).' into text field '//*[@id="area"]'.</msg>
<arg>//*[@id="area"]</arg>
<arg>text=Robot Framework is an open source automation framework for test automation and robotic process automation (RPA).</arg>
<doc>Types the given ``text`` into the text field identified by ``locator``.</doc>
<status status="PASS" start="2024-09-23T12:00:22.862929" elapsed="0.195145"/>
</kw>
<kw name="Sleep" owner="BuiltIn">
<msg time="2024-09-23T12:00:28.059032" level="INFO">Slept 5 seconds.</msg>
<arg>5s</arg>
<doc>Pauses the test executed for the given time.</doc>
<status status="PASS" start="2024-09-23T12:00:23.058472" elapsed="5.001059"/>
</kw>
<status status="PASS" start="2024-09-23T12:00:22.862359" elapsed="5.197457"/>
</kw>
<kw name="And inseriu os dados pessoais">
<kw name="Input Text" owner="SeleniumLibrary">
<msg time="2024-09-23T12:00:28.061974" level="INFO">Typing text 'Ricardo Fahham' into text field '//*[@id="name"]'.</msg>
<arg>//*[@id="name"]</arg>
<arg>Ricardo Fahham</arg>
<doc>Types the given ``text`` into the text field identified by ``locator``.</doc>
<status status="PASS" start="2024-09-23T12:00:28.061483" elapsed="0.110948"/>
</kw>
<kw name="Input Text" owner="SeleniumLibrary">
<msg time="2024-09-23T12:00:28.173258" level="INFO">Typing text 'rfahham@hotmail.com' into text field '//*[@id="email"]'.</msg>
<arg>//*[@id="email"]</arg>
<arg>rfahham@hotmail.com</arg>
<doc>Types the given ``text`` into the text field identified by ``locator``.</doc>
<status status="PASS" start="2024-09-23T12:00:28.172896" elapsed="0.117932"/>
</kw>
<kw name="Input Text" owner="SeleniumLibrary">
<msg time="2024-09-23T12:00:28.292381" level="INFO">Typing text '21982227843' into text field '//*[@id="phone"]'.</msg>
<arg>//*[@id="phone"]</arg>
<arg>21982227843</arg>
<doc>Types the given ``text`` into the text field identified by ``locator``.</doc>
<status status="PASS" start="2024-09-23T12:00:28.291701" elapsed="0.105907"/>
</kw>
<status status="PASS" start="2024-09-23T12:00:28.060806" elapsed="0.337085"/>
</kw>
<kw name="And informou o país de origem">
<kw name="Click Element" owner="SeleniumLibrary">
<msg time="2024-09-23T12:00:28.399252" level="INFO">Clicking element '//*[@id="country"]/option[4]'.</msg>
<arg>//*[@id="country"]/option[4]</arg>
<doc>Click the element identified by ``locator``.</doc>
<status status="PASS" start="2024-09-23T12:00:28.398957" elapsed="0.041994"/>
</kw>
<kw name="Sleep" owner="BuiltIn">
<msg time="2024-09-23T12:00:33.442847" level="INFO">Slept 5 seconds.</msg>
<arg>5s</arg>
<doc>Pauses the test executed for the given time.</doc>
<status status="PASS" start="2024-09-23T12:00:28.441649" elapsed="5.001789"/>
</kw>
<status status="PASS" start="2024-09-23T12:00:28.398499" elapsed="5.045286"/>
</kw>
<kw name="And clicar em &quot;Enviar&quot;">
<kw name="Click Element" owner="SeleniumLibrary">
<msg time="2024-09-23T12:00:33.447022" level="INFO">Clicking element '//*[@id="submitButton"]'.</msg>
<arg>//*[@id="submitButton"]</arg>
<doc>Click the element identified by ``locator``.</doc>
<status status="PASS" start="2024-09-23T12:00:33.445653" elapsed="0.173031"/>
</kw>
<status status="PASS" start="2024-09-23T12:00:33.444770" elapsed="0.174255"/>
</kw>
<kw name="And a mensagem de confirmação será exibida">
<kw name="Wait Until Element Is Visible" owner="SeleniumLibrary">
<arg>${verificação}</arg>
<arg>10</arg>
<doc>Waits until the element ``locator`` is visible.</doc>
<status status="PASS" start="2024-09-23T12:00:33.620566" elapsed="0.036885"/>
</kw>
<kw name="Element Should Be Visible" owner="SeleniumLibrary">
<msg time="2024-09-23T12:00:33.684929" level="INFO">Element '//h1[contains(text(), "Obrigado por sua participação !!!")]' is displayed.</msg>
<arg>${verificação}</arg>
<doc>Verifies that the element identified by ``locator`` is visible.</doc>
<status status="PASS" start="2024-09-23T12:00:33.657815" elapsed="0.027691"/>
</kw>
<kw name="Sleep" owner="BuiltIn">
<msg time="2024-09-23T12:00:38.686964" level="INFO">Slept 5 seconds.</msg>
<arg>5s</arg>
<doc>Pauses the test executed for the given time.</doc>
<status status="PASS" start="2024-09-23T12:00:33.685906" elapsed="5.001477"/>
</kw>
<status status="PASS" start="2024-09-23T12:00:33.619838" elapsed="5.067784"/>
</kw>
<kw name="Then o site será fechado">
<kw name="Close Browser" owner="SeleniumLibrary">
<doc>Closes the current browser.</doc>
<status status="PASS" start="2024-09-23T12:00:38.688832" elapsed="0.108080"/>
</kw>
<status status="PASS" start="2024-09-23T12:00:38.688295" elapsed="0.108996"/>
</kw>
<status status="PASS" start="2024-09-23T12:00:17.177594" elapsed="21.620361"/>
</test>
<status status="PASS" start="2024-09-23T12:00:16.956216" elapsed="21.843034"/>
</suite>
<statistics>
<total>
<stat pass="1" fail="0" skip="0">All Tests</stat>
</total>
<tag>
</tag>
<suite>
<stat pass="1" fail="0" skip="0" id="s1" name="Horadoqa">Horadoqa</stat>
</suite>
</statistics>
<errors>
</errors>
</robot>
