<?xml version="1.0" encoding="UTF-8"?>
<robot generator="Robot 7.0.1 (Python 3.10.12 on linux)" generated="2024-08-30T11:52:42.677215" rpa="false" schemaversion="5">
<suite id="s1" name="Djen" source="/home/rfahham/projetos/robot-framework/projetos/djen/djen.robot">
<test id="s1-t1" name="Cenário 1: Consulta de Processos" line="44">
<kw name="Acessar a home">
<kw name="Open Browser" owner="SeleniumLibrary">
<msg time="2024-08-30T11:52:42.827461" level="INFO">Opening browser 'chrome' to base url 'https://www.tjmsp.jus.br/diario-de-justica-eletronico-nacional-djen/'.</msg>
<arg>--{url}</arg>
<arg>chrome</arg>
<doc>Opens a new browser instance to the optional ``url``.</doc>
<status status="PASS" start="2024-08-30T11:52:42.827213" elapsed="3.607456"/>
</kw>
<status status="PASS" start="2024-08-30T11:52:42.826473" elapsed="3.608566"/>
</kw>
<kw name="Clicar em Processos">
<kw name="Click Element" owner="SeleniumLibrary">
<msg time="2024-08-30T11:52:46.437959" level="INFO">Clicking element '//a[contains(text(),"Processos")]'.</msg>
<msg time="2024-08-30T11:52:46.666008" level="INFO" html="true">&lt;/td&gt;&lt;/tr&gt;&lt;tr&gt;&lt;td colspan="3"&gt;&lt;a href="selenium-screenshot-11.png"&gt;&lt;img src="selenium-screenshot-11.png" width="800px"&gt;&lt;/a&gt;</msg>
<msg time="2024-08-30T11:52:46.666401" level="FAIL">ElementNotInteractableException: Message: element not interactable
  (Session info: chrome=126.0.6478.126)
Stacktrace:
#0 0x55fcb0ed3c7a &lt;unknown&gt;
#1 0x55fcb0bb6c71 &lt;unknown&gt;
#2 0x55fcb0c047ef &lt;unknown&gt;
#3 0x55fcb0bf815f &lt;unknown&gt;
#4 0x55fcb0c265c2 &lt;unknown&gt;
#5 0x55fcb0bf7ad9 &lt;unknown&gt;
#6 0x55fcb0c2678e &lt;unknown&gt;
#7 0x55fcb0c45303 &lt;unknown&gt;
#8 0x55fcb0c26363 &lt;unknown&gt;
#9 0x55fcb0bf6247 &lt;unknown&gt;
#10 0x55fcb0bf6b9e &lt;unknown&gt;
#11 0x55fcb0e9a24b &lt;unknown&gt;
#12 0x55fcb0e9e2f1 &lt;unknown&gt;
#13 0x55fcb0e85afe &lt;unknown&gt;
#14 0x55fcb0e9ee52 &lt;unknown&gt;
#15 0x55fcb0e6a79f &lt;unknown&gt;
#16 0x55fcb0ec3638 &lt;unknown&gt;
#17 0x55fcb0ec3810 &lt;unknown&gt;
#18 0x55fcb0ed2dac &lt;unknown&gt;
#19 0x7f65524e0ac3 &lt;unknown&gt;
</msg>
<arg>//a[contains(text(),"Processos")]</arg>
<doc>Click the element identified by ``locator``.</doc>
<status status="FAIL" start="2024-08-30T11:52:46.436581" elapsed="0.237460">ElementNotInteractableException: Message: element not interactable
  (Session info: chrome=126.0.6478.126)
Stacktrace:
#0 0x55fcb0ed3c7a &lt;unknown&gt;
#1 0x55fcb0bb6c71 &lt;unknown&gt;
#2 0x55fcb0c047ef &lt;unknown&gt;
#3 0x55fcb0bf815f &lt;unknown&gt;
#4 0x55fcb0c265c2 &lt;unknown&gt;
#5 0x55fcb0bf7ad9 &lt;unknown&gt;
#6 0x55fcb0c2678e &lt;unknown&gt;
#7 0x55fcb0c45303 &lt;unknown&gt;
#8 0x55fcb0c26363 &lt;unknown&gt;
#9 0x55fcb0bf6247 &lt;unknown&gt;
#10 0x55fcb0bf6b9e &lt;unknown&gt;
#11 0x55fcb0e9a24b &lt;unknown&gt;
#12 0x55fcb0e9e2f1 &lt;unknown&gt;
#13 0x55fcb0e85afe &lt;unknown&gt;
#14 0x55fcb0e9ee52 &lt;unknown&gt;
#15 0x55fcb0e6a79f &lt;unknown&gt;
#16 0x55fcb0ec3638 &lt;unknown&gt;
#17 0x55fcb0ec3810 &lt;unknown&gt;
#18 0x55fcb0ed2dac &lt;unknown&gt;
#19 0x7f65524e0ac3 &lt;unknown&gt;
</status>
</kw>
<status status="FAIL" start="2024-08-30T11:52:46.435719" elapsed="0.238853">ElementNotInteractableException: Message: element not interactable
  (Session info: chrome=126.0.6478.126)
Stacktrace:
#0 0x55fcb0ed3c7a &lt;unknown&gt;
#1 0x55fcb0bb6c71 &lt;unknown&gt;
#2 0x55fcb0c047ef &lt;unknown&gt;
#3 0x55fcb0bf815f &lt;unknown&gt;
#4 0x55fcb0c265c2 &lt;unknown&gt;
#5 0x55fcb0bf7ad9 &lt;unknown&gt;
#6 0x55fcb0c2678e &lt;unknown&gt;
#7 0x55fcb0c45303 &lt;unknown&gt;
#8 0x55fcb0c26363 &lt;unknown&gt;
#9 0x55fcb0bf6247 &lt;unknown&gt;
#10 0x55fcb0bf6b9e &lt;unknown&gt;
#11 0x55fcb0e9a24b &lt;unknown&gt;
#12 0x55fcb0e9e2f1 &lt;unknown&gt;
#13 0x55fcb0e85afe &lt;unknown&gt;
#14 0x55fcb0e9ee52 &lt;unknown&gt;
#15 0x55fcb0e6a79f &lt;unknown&gt;
#16 0x55fcb0ec3638 &lt;unknown&gt;
#17 0x55fcb0ec3810 &lt;unknown&gt;
#18 0x55fcb0ed2dac &lt;unknown&gt;
#19 0x7f65524e0ac3 &lt;unknown&gt;
</status>
</kw>
<kw name="Close Browser" owner="SeleniumLibrary">
<doc>Closes the current browser.</doc>
<status status="NOT RUN" start="2024-08-30T11:52:46.675361" elapsed="0.000165"/>
</kw>
<status status="FAIL" start="2024-08-30T11:52:42.825897" elapsed="3.850156">ElementNotInteractableException: Message: element not interactable
  (Session info: chrome=126.0.6478.126)
Stacktrace:
#0 0x55fcb0ed3c7a &lt;unknown&gt;
#1 0x55fcb0bb6c71 &lt;unknown&gt;
#2 0x55fcb0c047ef &lt;unknown&gt;
#3 0x55fcb0bf815f &lt;unknown&gt;
#4 0x55fcb0c265c2 &lt;unknown&gt;
#5 0x55fcb0bf7ad9 &lt;unknown&gt;
#6 0x55fcb0c2678e &lt;unknown&gt;
#7 0x55fcb0c45303 &lt;unknown&gt;
#8 0x55fcb0c26363 &lt;unknown&gt;
#9 0x55fcb0bf6247 &lt;unknown&gt;
#10 0x55fcb0bf6b9e &lt;unknown&gt;
#11 0x55fcb0e9a24b &lt;unknown&gt;
#12 0x55fcb0e9e2f1 &lt;unknown&gt;
#13 0x55fcb0e85afe &lt;unknown&gt;
#14 0x55fcb0e9ee52 &lt;unknown&gt;
#15 0x55fcb0e6a79f &lt;unknown&gt;
#16 0x55fcb0ec3638 &lt;unknown&gt;
#17 0x55fcb0ec3810 &lt;unknown&gt;
#18 0x55fcb0ed2dac &lt;unknown&gt;
#19 0x7f65524e0ac3 &lt;unknown&gt;
</status>
</test>
<status status="FAIL" start="2024-08-30T11:52:42.678163" elapsed="3.998772"/>
</suite>
<statistics>
<total>
<stat pass="0" fail="1" skip="0">All Tests</stat>
</total>
<tag>
</tag>
<suite>
<stat pass="0" fail="1" skip="0" id="s1" name="Djen">Djen</stat>
</suite>
</statistics>
<errors>
</errors>
</robot>
