<?xml version="1.0" encoding="UTF-8"?>
<robot generator="Robot 7.1 (Python 3.10.12 on linux)" generated="2024-10-29T17:33:56.086479" rpa="false" schemaversion="5">
<suite id="s1" name="Login" source="/home/rfahham/projetos/robotframework/projetos/login/login.robot">
<test id="s1-t1" name="Cenário 1: Campo Vazio" line="80">
<kw name="Abrir site">
<kw name="Open Browser" owner="SeleniumLibrary">
<msg time="2024-10-29T17:33:56.254731" level="INFO">Opening browser 'chrome' to base url 'https://horadoqa.github.io/login/'.</msg>
<arg>${url_site}</arg>
<arg>${browser}</arg>
<doc>Opens a new browser instance to the optional ``url``.</doc>
<status status="PASS" start="2024-10-29T17:33:56.254236" elapsed="4.170744"/>
</kw>
<status status="PASS" start="2024-10-29T17:33:56.253347" elapsed="4.171929"/>
</kw>
<kw name="Campo Vazio">
<kw name="Sleep" owner="BuiltIn">
<msg time="2024-10-29T17:34:03.426831" level="INFO">Slept 3 seconds.</msg>
<arg>3s</arg>
<doc>Pauses the test executed for the given time.</doc>
<status status="PASS" start="2024-10-29T17:34:00.426157" elapsed="3.000834"/>
</kw>
<kw name="Click Element" owner="SeleniumLibrary">
<msg time="2024-10-29T17:34:03.427760" level="INFO">Clicking element '//button[contains(text(),"Entrar")]'.</msg>
<arg>${locator_button}</arg>
<doc>Click the element identified by ``locator``.</doc>
<status status="PASS" start="2024-10-29T17:34:03.427210" elapsed="0.069234"/>
</kw>
<kw name="Sleep" owner="BuiltIn">
<msg time="2024-10-29T17:34:06.497425" level="INFO">Slept 3 seconds.</msg>
<arg>3s</arg>
<doc>Pauses the test executed for the given time.</doc>
<status status="PASS" start="2024-10-29T17:34:03.496712" elapsed="3.001017"/>
</kw>
<kw name="Wait Until Element Is Visible" owner="SeleniumLibrary">
<arg>${error_dados_vazios}</arg>
<arg>5</arg>
<doc>Waits until the element ``locator`` is visible.</doc>
<status status="PASS" start="2024-10-29T17:34:06.498172" elapsed="0.035304"/>
</kw>
<kw name="Element Should Be Visible" owner="SeleniumLibrary">
<msg time="2024-10-29T17:34:06.557470" level="INFO">Element '//p[contains(text(),"E-mail e senha são obrigatórios!")]' is displayed.</msg>
<arg>${error_dados_vazios}</arg>
<doc>Verifies that the element identified by ``locator`` is visible.</doc>
<status status="PASS" start="2024-10-29T17:34:06.533758" elapsed="0.023927"/>
</kw>
<kw name="Sleep" owner="BuiltIn">
<msg time="2024-10-29T17:34:09.558446" level="INFO">Slept 3 seconds.</msg>
<arg>3s</arg>
<doc>Pauses the test executed for the given time.</doc>
<status status="PASS" start="2024-10-29T17:34:06.557936" elapsed="3.000769"/>
</kw>
<status status="PASS" start="2024-10-29T17:34:00.425771" elapsed="9.133226"/>
</kw>
<kw name="Fechar site">
<kw name="Close Browser" owner="SeleniumLibrary">
<doc>Closes the current browser.</doc>
<status status="PASS" start="2024-10-29T17:34:09.559930" elapsed="0.074628"/>
</kw>
<status status="PASS" start="2024-10-29T17:34:09.559421" elapsed="0.075433"/>
</kw>
<status status="PASS" start="2024-10-29T17:33:56.252311" elapsed="13.383021"/>
</test>
<test id="s1-t2" name="Cenário 2: Inserir e-mail válido mas senha inválida" line="85">
<kw name="Abrir site">
<kw name="Open Browser" owner="SeleniumLibrary">
<msg time="2024-10-29T17:34:09.647656" level="INFO">Opening browser 'chrome' to base url 'https://horadoqa.github.io/login/'.</msg>
<arg>${url_site}</arg>
<arg>${browser}</arg>
<doc>Opens a new browser instance to the optional ``url``.</doc>
<status status="PASS" start="2024-10-29T17:34:09.639301" elapsed="2.625020"/>
</kw>
<status status="PASS" start="2024-10-29T17:34:09.637782" elapsed="2.626727"/>
</kw>
<kw name="E-mail Válido e Senha Inválida">
<kw name="Click Element" owner="SeleniumLibrary">
<msg time="2024-10-29T17:34:12.265481" level="INFO">Clicking element '//*[@id="username"]'.</msg>
<arg>${locator_username}</arg>
<doc>Click the element identified by ``locator``.</doc>
<status status="PASS" start="2024-10-29T17:34:12.265226" elapsed="0.087029"/>
</kw>
<kw name="Input Text" owner="SeleniumLibrary">
<msg time="2024-10-29T17:34:12.352910" level="INFO">Typing text 'usuario@example.com' into text field '//*[@id="username"]'.</msg>
<arg>${locator_username}</arg>
<arg>text=usuario@example.com</arg>
<doc>Types the given ``text`` into the text field identified by ``locator``.</doc>
<status status="PASS" start="2024-10-29T17:34:12.352508" elapsed="0.130334"/>
</kw>
<kw name="Click Element" owner="SeleniumLibrary">
<msg time="2024-10-29T17:34:12.483593" level="INFO">Clicking element '//*[@id="password"]'.</msg>
<arg>${locator_password}</arg>
<doc>Click the element identified by ``locator``.</doc>
<status status="PASS" start="2024-10-29T17:34:12.483163" elapsed="0.071669"/>
</kw>
<kw name="Input Text" owner="SeleniumLibrary">
<msg time="2024-10-29T17:34:12.555712" level="INFO">Typing text 'abcd1234' into text field '//*[@id="password"]'.</msg>
<arg>${locator_password}</arg>
<arg>text=abcd1234</arg>
<doc>Types the given ``text`` into the text field identified by ``locator``.</doc>
<status status="PASS" start="2024-10-29T17:34:12.555244" elapsed="0.099756"/>
</kw>
<kw name="Click Element" owner="SeleniumLibrary">
<msg time="2024-10-29T17:34:12.656501" level="INFO">Clicking element '//button[contains(text(),"Entrar")]'.</msg>
<arg>${locator_button}</arg>
<doc>Click the element identified by ``locator``.</doc>
<status status="PASS" start="2024-10-29T17:34:12.655696" elapsed="0.103978"/>
</kw>
<kw name="Sleep" owner="BuiltIn">
<msg time="2024-10-29T17:34:15.762257" level="INFO">Slept 3 seconds.</msg>
<arg>3s</arg>
<doc>Pauses the test executed for the given time.</doc>
<status status="PASS" start="2024-10-29T17:34:12.760910" elapsed="3.001545"/>
</kw>
<kw name="Wait Until Element Is Visible" owner="SeleniumLibrary">
<arg>${error_dados_errados}</arg>
<arg>5</arg>
<doc>Waits until the element ``locator`` is visible.</doc>
<status status="PASS" start="2024-10-29T17:34:15.762973" elapsed="0.037360"/>
</kw>
<kw name="Element Should Be Visible" owner="SeleniumLibrary">
<msg time="2024-10-29T17:34:15.838927" level="INFO">Element '//p[contains(text(),"E-mail ou senha inválidos!")]' is displayed.</msg>
<arg>${error_dados_errados}</arg>
<doc>Verifies that the element identified by ``locator`` is visible.</doc>
<status status="PASS" start="2024-10-29T17:34:15.800686" elapsed="0.038476"/>
</kw>
<kw name="Sleep" owner="BuiltIn">
<msg time="2024-10-29T17:34:18.841379" level="INFO">Slept 3 seconds.</msg>
<arg>3s</arg>
<doc>Pauses the test executed for the given time.</doc>
<status status="PASS" start="2024-10-29T17:34:15.840104" elapsed="3.001447"/>
</kw>
<status status="PASS" start="2024-10-29T17:34:12.264839" elapsed="6.576868"/>
</kw>
<kw name="Fechar site">
<kw name="Close Browser" owner="SeleniumLibrary">
<doc>Closes the current browser.</doc>
<status status="PASS" start="2024-10-29T17:34:18.842524" elapsed="0.076377"/>
</kw>
<status status="PASS" start="2024-10-29T17:34:18.842086" elapsed="0.077223"/>
</kw>
<status status="PASS" start="2024-10-29T17:34:09.636158" elapsed="9.283829"/>
</test>
<test id="s1-t3" name="Cenário 3: Inserir e-mail inválido mas senha válida" line="90">
<kw name="Abrir site">
<kw name="Open Browser" owner="SeleniumLibrary">
<msg time="2024-10-29T17:34:18.923513" level="INFO">Opening browser 'chrome' to base url 'https://horadoqa.github.io/login/'.</msg>
<arg>${url_site}</arg>
<arg>${browser}</arg>
<doc>Opens a new browser instance to the optional ``url``.</doc>
<status status="PASS" start="2024-10-29T17:34:18.922845" elapsed="2.385840"/>
</kw>
<status status="PASS" start="2024-10-29T17:34:18.922083" elapsed="2.386818"/>
</kw>
<kw name="E-mail Inválido e Senha Válida">
<kw name="Click Element" owner="SeleniumLibrary">
<msg time="2024-10-29T17:34:21.310465" level="INFO">Clicking element '//*[@id="username"]'.</msg>
<arg>${locator_username}</arg>
<doc>Click the element identified by ``locator``.</doc>
<status status="PASS" start="2024-10-29T17:34:21.309994" elapsed="0.091454"/>
</kw>
<kw name="Input Text" owner="SeleniumLibrary">
<msg time="2024-10-29T17:34:21.402019" level="INFO">Typing text 'usuarioexamplecom' into text field '//*[@id="username"]'.</msg>
<arg>${locator_username}</arg>
<arg>text=usuarioexamplecom</arg>
<doc>Types the given ``text`` into the text field identified by ``locator``.</doc>
<status status="PASS" start="2024-10-29T17:34:21.401681" elapsed="0.160202"/>
</kw>
<kw name="Click Element" owner="SeleniumLibrary">
<msg time="2024-10-29T17:34:21.563177" level="INFO">Clicking element '//*[@id="password"]'.</msg>
<arg>${locator_password}</arg>
<doc>Click the element identified by ``locator``.</doc>
<status status="PASS" start="2024-10-29T17:34:21.562599" elapsed="0.098762"/>
</kw>
<kw name="Input Text" owner="SeleniumLibrary">
<msg time="2024-10-29T17:34:21.662272" level="INFO">Typing text '1q2w3e4r' into text field '//*[@id="password"]'.</msg>
<arg>${locator_password}</arg>
<arg>text=1q2w3e4r</arg>
<doc>Types the given ``text`` into the text field identified by ``locator``.</doc>
<status status="PASS" start="2024-10-29T17:34:21.661708" elapsed="0.130727"/>
</kw>
<kw name="Click Element" owner="SeleniumLibrary">
<msg time="2024-10-29T17:34:21.793189" level="INFO">Clicking element '//button[contains(text(),"Entrar")]'.</msg>
<arg>${locator_button}</arg>
<doc>Click the element identified by ``locator``.</doc>
<status status="PASS" start="2024-10-29T17:34:21.792753" elapsed="0.104910"/>
</kw>
<kw name="Sleep" owner="BuiltIn">
<msg time="2024-10-29T17:34:24.899264" level="INFO">Slept 3 seconds.</msg>
<arg>3s</arg>
<doc>Pauses the test executed for the given time.</doc>
<status status="PASS" start="2024-10-29T17:34:21.898221" elapsed="3.001753"/>
</kw>
<kw name="Wait Until Element Is Visible" owner="SeleniumLibrary">
<arg>${error_dados_errados}</arg>
<arg>5</arg>
<doc>Waits until the element ``locator`` is visible.</doc>
<status status="PASS" start="2024-10-29T17:34:24.900950" elapsed="0.043131"/>
</kw>
<kw name="Element Should Be Visible" owner="SeleniumLibrary">
<msg time="2024-10-29T17:34:24.989542" level="INFO">Element '//p[contains(text(),"E-mail ou senha inválidos!")]' is displayed.</msg>
<arg>${error_dados_errados}</arg>
<doc>Verifies that the element identified by ``locator`` is visible.</doc>
<status status="PASS" start="2024-10-29T17:34:24.944884" elapsed="0.044888"/>
</kw>
<kw name="Sleep" owner="BuiltIn">
<msg time="2024-10-29T17:34:27.990857" level="INFO">Slept 3 seconds.</msg>
<arg>3s</arg>
<doc>Pauses the test executed for the given time.</doc>
<status status="PASS" start="2024-10-29T17:34:24.990117" elapsed="3.000889"/>
</kw>
<status status="PASS" start="2024-10-29T17:34:21.309433" elapsed="6.681716"/>
</kw>
<kw name="Fechar site">
<kw name="Close Browser" owner="SeleniumLibrary">
<doc>Closes the current browser.</doc>
<status status="PASS" start="2024-10-29T17:34:27.991812" elapsed="0.111749"/>
</kw>
<status status="PASS" start="2024-10-29T17:34:27.991466" elapsed="0.112270"/>
</kw>
<status status="PASS" start="2024-10-29T17:34:18.920805" elapsed="9.183234"/>
</test>
<test id="s1-t4" name="Cenário 4: Inserir e-mail e senha inválidos" line="95">
<kw name="Abrir site">
<kw name="Open Browser" owner="SeleniumLibrary">
<msg time="2024-10-29T17:34:28.105584" level="INFO">Opening browser 'chrome' to base url 'https://horadoqa.github.io/login/'.</msg>
<arg>${url_site}</arg>
<arg>${browser}</arg>
<doc>Opens a new browser instance to the optional ``url``.</doc>
<status status="PASS" start="2024-10-29T17:34:28.105273" elapsed="2.537152"/>
</kw>
<status status="PASS" start="2024-10-29T17:34:28.104946" elapsed="2.537670"/>
</kw>
<kw name="Ambos Inválidos">
<kw name="Click Element" owner="SeleniumLibrary">
<msg time="2024-10-29T17:34:30.644453" level="INFO">Clicking element '//*[@id="username"]'.</msg>
<arg>${locator_username}</arg>
<doc>Click the element identified by ``locator``.</doc>
<status status="PASS" start="2024-10-29T17:34:30.643922" elapsed="0.087069"/>
</kw>
<kw name="Input Text" owner="SeleniumLibrary">
<msg time="2024-10-29T17:34:30.731903" level="INFO">Typing text 'usuarioexample.com' into text field '//*[@id="username"]'.</msg>
<arg>${locator_username}</arg>
<arg>text=usuarioexample.com</arg>
<doc>Types the given ``text`` into the text field identified by ``locator``.</doc>
<status status="PASS" start="2024-10-29T17:34:30.731383" elapsed="0.157730"/>
</kw>
<kw name="Click Element" owner="SeleniumLibrary">
<msg time="2024-10-29T17:34:30.889786" level="INFO">Clicking element '//*[@id="password"]'.</msg>
<arg>${locator_password}</arg>
<doc>Click the element identified by ``locator``.</doc>
<status status="PASS" start="2024-10-29T17:34:30.889404" elapsed="0.138175"/>
</kw>
<kw name="Input Text" owner="SeleniumLibrary">
<msg time="2024-10-29T17:34:31.029178" level="INFO">Typing text 'abcd1234' into text field '//*[@id="password"]'.</msg>
<arg>${locator_password}</arg>
<arg>text=abcd1234</arg>
<doc>Types the given ``text`` into the text field identified by ``locator``.</doc>
<status status="PASS" start="2024-10-29T17:34:31.028310" elapsed="0.184213"/>
</kw>
<kw name="Click Element" owner="SeleniumLibrary">
<msg time="2024-10-29T17:34:31.214133" level="INFO">Clicking element '//button[contains(text(),"Entrar")]'.</msg>
<arg>${locator_button}</arg>
<doc>Click the element identified by ``locator``.</doc>
<status status="PASS" start="2024-10-29T17:34:31.213224" elapsed="0.137788"/>
</kw>
<kw name="Sleep" owner="BuiltIn">
<msg time="2024-10-29T17:34:34.351860" level="INFO">Slept 3 seconds.</msg>
<arg>3s</arg>
<doc>Pauses the test executed for the given time.</doc>
<status status="PASS" start="2024-10-29T17:34:31.351316" elapsed="3.000731"/>
</kw>
<kw name="Wait Until Element Is Visible" owner="SeleniumLibrary">
<arg>${error_dados_errados}</arg>
<arg>5</arg>
<doc>Waits until the element ``locator`` is visible.</doc>
<status status="PASS" start="2024-10-29T17:34:34.352314" elapsed="0.030370"/>
</kw>
<kw name="Element Should Be Visible" owner="SeleniumLibrary">
<msg time="2024-10-29T17:34:34.407848" level="INFO">Element '//p[contains(text(),"E-mail ou senha inválidos!")]' is displayed.</msg>
<arg>${error_dados_errados}</arg>
<doc>Verifies that the element identified by ``locator`` is visible.</doc>
<status status="PASS" start="2024-10-29T17:34:34.383025" elapsed="0.024944"/>
</kw>
<kw name="Sleep" owner="BuiltIn">
<msg time="2024-10-29T17:34:37.408610" level="INFO">Slept 3 seconds.</msg>
<arg>3s</arg>
<doc>Pauses the test executed for the given time.</doc>
<status status="PASS" start="2024-10-29T17:34:34.408191" elapsed="3.000563"/>
</kw>
<status status="PASS" start="2024-10-29T17:34:30.643167" elapsed="6.765731"/>
</kw>
<kw name="Fechar site">
<kw name="Close Browser" owner="SeleniumLibrary">
<doc>Closes the current browser.</doc>
<status status="PASS" start="2024-10-29T17:34:37.409578" elapsed="0.070103"/>
</kw>
<status status="PASS" start="2024-10-29T17:34:37.409215" elapsed="0.071003"/>
</kw>
<status status="PASS" start="2024-10-29T17:34:28.104421" elapsed="9.376636"/>
</test>
<test id="s1-t5" name="Cenário 5: Inserir e-mail e senha válidos" line="100">
<kw name="Abrir site">
<kw name="Open Browser" owner="SeleniumLibrary">
<msg time="2024-10-29T17:34:37.484505" level="INFO">Opening browser 'chrome' to base url 'https://horadoqa.github.io/login/'.</msg>
<arg>${url_site}</arg>
<arg>${browser}</arg>
<doc>Opens a new browser instance to the optional ``url``.</doc>
<status status="PASS" start="2024-10-29T17:34:37.483861" elapsed="2.586437"/>
</kw>
<status status="PASS" start="2024-10-29T17:34:37.483054" elapsed="2.587406"/>
</kw>
<kw name="Ambos Válidos">
<kw name="Click Element" owner="SeleniumLibrary">
<msg time="2024-10-29T17:34:40.071972" level="INFO">Clicking element '//*[@id="username"]'.</msg>
<arg>${locator_username}</arg>
<doc>Click the element identified by ``locator``.</doc>
<status status="PASS" start="2024-10-29T17:34:40.071520" elapsed="0.091520"/>
</kw>
<kw name="Input Text" owner="SeleniumLibrary">
<msg time="2024-10-29T17:34:40.164092" level="INFO">Typing text 'usuario@example.com' into text field '//*[@id="username"]'.</msg>
<arg>${locator_username}</arg>
<arg>text=usuario@example.com</arg>
<doc>Types the given ``text`` into the text field identified by ``locator``.</doc>
<status status="PASS" start="2024-10-29T17:34:40.163504" elapsed="0.169405"/>
</kw>
<kw name="Click Element" owner="SeleniumLibrary">
<msg time="2024-10-29T17:34:40.333977" level="INFO">Clicking element '//*[@id="password"]'.</msg>
<arg>${locator_password}</arg>
<doc>Click the element identified by ``locator``.</doc>
<status status="PASS" start="2024-10-29T17:34:40.333452" elapsed="0.076687"/>
</kw>
<kw name="Input Text" owner="SeleniumLibrary">
<msg time="2024-10-29T17:34:40.411318" level="INFO">Typing text '1q2w3e4r' into text field '//*[@id="password"]'.</msg>
<arg>${locator_password}</arg>
<arg>text=1q2w3e4r</arg>
<doc>Types the given ``text`` into the text field identified by ``locator``.</doc>
<status status="PASS" start="2024-10-29T17:34:40.410549" elapsed="0.096668"/>
</kw>
<kw name="Click Element" owner="SeleniumLibrary">
<msg time="2024-10-29T17:34:40.508155" level="INFO">Clicking element '//button[contains(text(),"Entrar")]'.</msg>
<arg>${locator_button}</arg>
<doc>Click the element identified by ``locator``.</doc>
<status status="PASS" start="2024-10-29T17:34:40.507503" elapsed="0.170109"/>
</kw>
<kw name="Sleep" owner="BuiltIn">
<msg time="2024-10-29T17:34:43.678809" level="INFO">Slept 3 seconds.</msg>
<arg>3s</arg>
<doc>Pauses the test executed for the given time.</doc>
<status status="PASS" start="2024-10-29T17:34:40.678077" elapsed="3.000876"/>
</kw>
<kw name="Wait Until Element Is Visible" owner="SeleniumLibrary">
<arg>${validar}</arg>
<arg>5</arg>
<doc>Waits until the element ``locator`` is visible.</doc>
<status status="PASS" start="2024-10-29T17:34:43.679179" elapsed="0.027520"/>
</kw>
<kw name="Element Should Be Visible" owner="SeleniumLibrary">
<msg time="2024-10-29T17:34:43.728284" level="INFO">Element '//h1[contains(text(),"Bem-vindo")]' is displayed.</msg>
<arg>${validar}</arg>
<doc>Verifies that the element identified by ``locator`` is visible.</doc>
<status status="PASS" start="2024-10-29T17:34:43.706916" elapsed="0.021507"/>
</kw>
<kw name="Sleep" owner="BuiltIn">
<msg time="2024-10-29T17:35:43.729014" level="INFO">Slept 1 minute.</msg>
<arg>60s</arg>
<doc>Pauses the test executed for the given time.</doc>
<status status="PASS" start="2024-10-29T17:34:43.728621" elapsed="60.000558"/>
</kw>
<status status="PASS" start="2024-10-29T17:34:40.070854" elapsed="63.658483"/>
</kw>
<kw name="Fechar site">
<kw name="Close Browser" owner="SeleniumLibrary">
<doc>Closes the current browser.</doc>
<status status="PASS" start="2024-10-29T17:35:43.730015" elapsed="0.135441"/>
</kw>
<status status="PASS" start="2024-10-29T17:35:43.729669" elapsed="0.135962"/>
</kw>
<status status="PASS" start="2024-10-29T17:34:37.482011" elapsed="66.383901"/>
</test>
<status status="PASS" start="2024-10-29T17:33:56.087383" elapsed="107.779199"/>
</suite>
<statistics>
<total>
<stat pass="5" fail="0" skip="0">All Tests</stat>
</total>
<tag>
</tag>
<suite>
<stat pass="5" fail="0" skip="0" id="s1" name="Login">Login</stat>
</suite>
</statistics>
<errors>
</errors>
</robot>
