<?xml version="1.0" encoding="UTF-8"?>
<robot generator="Robot 7.1 (Python 3.10.12 on linux)" generated="2024-09-20T15:31:19.346661" rpa="false" schemaversion="5">
<suite id="s1" name="Robot" source="/home/rfahham/projetos/robotframework/projetos/robot/robot.robot">
<test id="s1-t1" name="Cenário 1: Acessando o site do Robot" line="12">
<kw name="Abrir Site">
<kw name="Open Browser" owner="SeleniumLibrary">
<msg time="2024-09-20T15:31:19.501201" level="INFO">Opening browser 'chrome' to base url 'https://robotframework.org/'.</msg>
<arg>https://robotframework.org/</arg>
<arg>chrome</arg>
<doc>Opens a new browser instance to the optional ``url``.</doc>
<status status="PASS" start="2024-09-20T15:31:19.500985" elapsed="3.998908"/>
</kw>
<status status="PASS" start="2024-09-20T15:31:19.500159" elapsed="4.000493"/>
</kw>
<status status="PASS" start="2024-09-20T15:31:19.498983" elapsed="4.002461"/>
</test>
<status status="PASS" start="2024-09-20T15:31:19.347590" elapsed="4.156029"/>
</suite>
<statistics>
<total>
<stat pass="1" fail="0" skip="0">All Tests</stat>
</total>
<tag>
</tag>
<suite>
<stat pass="1" fail="0" skip="0" id="s1" name="Robot">Robot</stat>
</suite>
</statistics>
<errors>
</errors>
</robot>
