<?xml version="1.0" encoding="UTF-8"?>
<robot generator="Robot 7.1.1 (Python 3.10.12 on linux)" generated="2026-06-01T15:29:42.610431" rpa="false" schemaversion="5">
<suite id="s1" name="Robotframework" source="/home/rfahham/projetos/robotframework">
<suite id="s1-s1" name="Projetos" source="/home/rfahham/projetos/robotframework/projetos">
<suite id="s1-s1-s1" name="Selion" source="/home/rfahham/projetos/robotframework/projetos/selion">
<suite id="s1-s1-s1-s1" name="Cadastro" source="/home/rfahham/projetos/robotframework/projetos/selion/cadastro.robot">
<test id="s1-s1-s1-s1-t1" name="Cenário de teste" line="11">
<kw name="New Browser" owner="Browser">
<msg time="2026-06-01T15:29:42.893156" level="INFO">{"browser": "chromium", "headless": true, "chromiumSandbox": false, "devtools": false, "handleSIGHUP": true, "handleSIGINT": true, "handleSIGTERM": true, "slowMo": 0.0, "timeout": 30000.0, "tracesDir": "/home/rfahham/projetos/robotframework/results/browser/traces/b7fda520-e41e-4d5d-9c80-eedfea9a56cf"}</msg>
<msg time="2026-06-01T15:29:42.898049" level="INFO">Starting Browser process /home/rfahham/.local/lib/python3.10/site-packages/Browser/wrapper/index.js using port 37233</msg>
<msg time="2026-06-01T15:29:42.898273" level="INFO">Node startup parameters: ['node', '/home/rfahham/.local/lib/python3.10/site-packages/Browser/wrapper/index.js', '37233']</msg>
<msg time="2026-06-01T15:29:43.534631" level="INFO">Successfully created browser with options: {"browser":"chromium","headless":true,"chromiumSandbox":false,"devtools":false,"handleSIGHUP":true,"handleSIGINT":true,"handleSIGTERM":true,"slowMo":0,"timeout":30000,"tracesDir":"/home/rfahham/projetos/robotframework/results/browser/traces/b7fda520-e41e-4d5d-9c80-eedfea9a56cf"}</msg>
<arg>browser=${BROWSER}</arg>
<arg>headless=${HEADLESS}</arg>
<tag>BrowserControl</tag>
<tag>Setter</tag>
<doc>Create a new playwright Browser with specified options.</doc>
<status status="PASS" start="2026-06-01T15:29:42.891546" elapsed="0.643630"/>
</kw>
<kw name="New Context" owner="Browser">
<msg time="2026-06-01T15:29:43.538037" level="INFO">{
  "acceptDownloads": true,
  "bypassCSP": false,
  "forcedColors": "none",
  "ignoreHTTPSErrors": false,
  "javaScriptEnabled": true,
  "offline": false,
  "reducedMotion": "no-preference",
  "serviceWorkers": "allow",
  "viewport": {
    "height": 720,
    "width": 1280
  }
}</msg>
<msg time="2026-06-01T15:29:43.562208" level="INFO">Successfully created context. </msg>
<msg time="2026-06-01T15:29:43.562538" level="INFO">{'acceptDownloads': True, 'bypassCSP': False, 'forcedColors': 'none', 'ignoreHTTPSErrors': False, 'javaScriptEnabled': True, 'offline': False, 'reducedMotion': 'no-preference', 'serviceWorkers': 'allow', 'viewport': {'height': 720, 'width': 1280}}</msg>
<arg>viewport=&amp;{VIEWPORT}</arg>
<tag>BrowserControl</tag>
<tag>Setter</tag>
<doc>Create a new BrowserContext with specified options.</doc>
<status status="PASS" start="2026-06-01T15:29:43.536278" elapsed="0.026632"/>
</kw>
<kw name="New Page" owner="Browser">
<msg time="2026-06-01T15:29:44.506827" level="INFO">Successfully initialized new page object and opened url: https://www.automationpratice.com.br/register</msg>
<arg>https://www.automationpratice.com.br/register</arg>
<tag>BrowserControl</tag>
<tag>Setter</tag>
<doc>Open a new Page.</doc>
<status status="PASS" start="2026-06-01T15:29:43.563868" elapsed="0.943420"/>
</kw>
<kw name="Click" owner="Browser">
<msg time="2026-06-01T15:29:44.508957" level="INFO">Clicks the element 'css=#user'.</msg>
<arg>css=#user</arg>
<tag>PageContent</tag>
<tag>Setter</tag>
<doc>Simulates mouse click on the element found by ``selector``.</doc>
<status status="PASS" start="2026-06-01T15:29:44.508054" elapsed="0.248576"/>
</kw>
<kw name="Fill Text" owner="Browser">
<msg time="2026-06-01T15:29:44.757670" level="INFO">Fills the text 'Hora do QA' in the given field.</msg>
<arg>css=#user</arg>
<arg>Hora do QA</arg>
<tag>PageContent</tag>
<tag>Setter</tag>
<doc>Clears and fills the given ``txt`` into the text field found by ``selector``.</doc>
<status status="PASS" start="2026-06-01T15:29:44.757029" elapsed="0.018191"/>
</kw>
<kw name="Click" owner="Browser">
<msg time="2026-06-01T15:29:44.776334" level="INFO">Clicks the element 'css=#email'.</msg>
<arg>css=#email</arg>
<tag>PageContent</tag>
<tag>Setter</tag>
<doc>Simulates mouse click on the element found by ``selector``.</doc>
<status status="PASS" start="2026-06-01T15:29:44.775665" elapsed="0.165376"/>
</kw>
<kw name="Fill Text" owner="Browser">
<msg time="2026-06-01T15:29:44.942268" level="INFO">Fills the text 'horadoqa@gmail.com' in the given field.</msg>
<arg>css=#email</arg>
<arg>horadoqa@gmail.com</arg>
<tag>PageContent</tag>
<tag>Setter</tag>
<doc>Clears and fills the given ``txt`` into the text field found by ``selector``.</doc>
<status status="PASS" start="2026-06-01T15:29:44.941603" elapsed="0.014191"/>
</kw>
<kw name="Click" owner="Browser">
<msg time="2026-06-01T15:29:44.956967" level="INFO">Clicks the element 'css=#password'.</msg>
<arg>css=#password</arg>
<tag>PageContent</tag>
<tag>Setter</tag>
<doc>Simulates mouse click on the element found by ``selector``.</doc>
<status status="PASS" start="2026-06-01T15:29:44.956267" elapsed="0.056356"/>
</kw>
<kw name="Fill Text" owner="Browser">
<msg time="2026-06-01T15:29:45.013661" level="INFO">Fills the text '1q2w3e4r' in the given field.</msg>
<arg>css=#password</arg>
<arg>1q2w3e4r</arg>
<tag>PageContent</tag>
<tag>Setter</tag>
<doc>Clears and fills the given ``txt`` into the text field found by ``selector``.</doc>
<status status="PASS" start="2026-06-01T15:29:45.013029" elapsed="0.018152"/>
</kw>
<kw name="Click" owner="Browser">
<msg time="2026-06-01T15:29:45.034648" level="INFO">Clicks the element 'css=#btnRegister'.</msg>
<arg>css=#btnRegister</arg>
<tag>PageContent</tag>
<tag>Setter</tag>
<doc>Simulates mouse click on the element found by ``selector``.</doc>
<status status="PASS" start="2026-06-01T15:29:45.033455" elapsed="0.081154"/>
</kw>
<kw name="Click" owner="Browser">
<msg time="2026-06-01T15:29:45.117090" level="INFO">Clicks the element 'css=#swal2-title'.</msg>
<arg>css=#swal2-title</arg>
<tag>PageContent</tag>
<tag>Setter</tag>
<doc>Simulates mouse click on the element found by ``selector``.</doc>
<status status="PASS" start="2026-06-01T15:29:45.115312" elapsed="0.482521"/>
</kw>
<kw name="Click" owner="Browser">
<msg time="2026-06-01T15:29:45.599546" level="INFO">Clicks the element 'text="OK"'.</msg>
<arg>text="OK"</arg>
<tag>PageContent</tag>
<tag>Setter</tag>
<doc>Simulates mouse click on the element found by ``selector``.</doc>
<status status="PASS" start="2026-06-01T15:29:45.598474" elapsed="0.077118"/>
</kw>
<kw name="Close Browser" owner="Browser">
<msg time="2026-06-01T15:29:45.734693" level="INFO">Closed browser</msg>
<tag>BrowserControl</tag>
<tag>Setter</tag>
<doc>Closes the current browser.</doc>
<status status="PASS" start="2026-06-01T15:29:45.676282" elapsed="0.058868"/>
</kw>
<status status="PASS" start="2026-06-01T15:29:42.835564" elapsed="2.900367"/>
</test>
<status status="PASS" start="2026-06-01T15:29:42.705197" elapsed="3.103917"/>
</suite>
<status status="PASS" start="2026-06-01T15:29:42.693447" elapsed="3.136580"/>
</suite>
<status status="PASS" start="2026-06-01T15:29:42.679212" elapsed="3.183199"/>
</suite>
<status status="PASS" start="2026-06-01T15:29:42.616597" elapsed="3.296434"/>
</suite>
<statistics>
<total>
<stat pass="1" fail="0" skip="0">All Tests</stat>
</total>
<tag>
</tag>
<suite>
<stat pass="1" fail="0" skip="0" id="s1" name="Robotframework">Robotframework</stat>
<stat pass="1" fail="0" skip="0" id="s1-s1" name="Projetos">Robotframework.Projetos</stat>
<stat pass="1" fail="0" skip="0" id="s1-s1-s1" name="Selion">Robotframework.Projetos.Selion</stat>
<stat pass="1" fail="0" skip="0" id="s1-s1-s1-s1" name="Cadastro">Robotframework.Projetos.Selion.Cadastro</stat>
</suite>
</statistics>
<errors>
</errors>
</robot>
