<?xml version="1.0" encoding="UTF-8"?>
<robot generator="Robot 7.1.1 (Python 3.10.12 on linux)" generated="2026-06-01T13:26:58.546703" rpa="false" schemaversion="5">
<suite id="s1" name="Robotframework" source="/home/rfahham/projetos/robotframework">
<suite id="s1-s1" name="Projetos" source="/home/rfahham/projetos/robotframework/projetos">
<suite id="s1-s1-s1" name="Qazando-Shop" source="/home/rfahham/projetos/robotframework/projetos/qazando-shop">
<suite id="s1-s1-s1-s1" name="Tests" source="/home/rfahham/projetos/robotframework/projetos/qazando-shop/tests">
<suite id="s1-s1-s1-s1-s1" name="Login" source="/home/rfahham/projetos/robotframework/projetos/qazando-shop/tests/login.robot">
<test id="s1-s1-s1-s1-s1-t1" name="Cenário: Login do usuário" line="6">
<kw name="Open Browser To Login Page" owner="keywords">
<kw name="Open Browser" owner="SeleniumLibrary">
<msg time="2026-06-01T13:26:58.815739" level="INFO">Opening browser 'Chrome' to base url 'https://www.automationpratice.com.br/login'.</msg>
<arg>https://www.automationpratice.com.br/login</arg>
<arg>${BROWSER}</arg>
<doc>Opens a new browser instance to the optional ``url``.</doc>
<status status="PASS" start="2026-06-01T13:26:58.814955" elapsed="1.117201"/>
</kw>
<kw name="Maximize Browser Window" owner="SeleniumLibrary">
<doc>Maximizes current browser window.</doc>
<status status="PASS" start="2026-06-01T13:26:59.932560" elapsed="0.034282"/>
</kw>
<kw name="Wait Until Element Is Visible" owner="SeleniumLibrary">
<arg>id=user</arg>
<arg>10s</arg>
<doc>Waits until the element ``locator`` is visible.</doc>
<status status="PASS" start="2026-06-01T13:26:59.967117" elapsed="0.331466"/>
</kw>
<status status="PASS" start="2026-06-01T13:26:58.813522" elapsed="1.485563"/>
</kw>
<kw name="Login do usuário" owner="keywords">
<kw name="Input Text" owner="SeleniumLibrary">
<msg time="2026-06-01T13:27:00.302276" level="INFO">Typing text 'horadoqa@qa.com.br' into text field 'id=user'.</msg>
<arg>id=user</arg>
<arg>${EMAIL}</arg>
<doc>Types the given ``text`` into the text field identified by ``locator``.</doc>
<status status="PASS" start="2026-06-01T13:27:00.300681" elapsed="0.204300"/>
</kw>
<kw name="Input Text" owner="SeleniumLibrary">
<msg time="2026-06-01T13:27:00.506013" level="INFO">Typing text '1q2w3e4r' into text field 'id=password'.</msg>
<arg>id=password</arg>
<arg>${PASSWORD}</arg>
<doc>Types the given ``text`` into the text field identified by ``locator``.</doc>
<status status="PASS" start="2026-06-01T13:27:00.505331" elapsed="0.104670"/>
</kw>
<kw name="Sleep" owner="BuiltIn">
<msg time="2026-06-01T13:27:30.610822" level="INFO">Slept 30 seconds.</msg>
<arg>30s</arg>
<doc>Pauses the test executed for the given time.</doc>
<status status="PASS" start="2026-06-01T13:27:00.610402" elapsed="30.000789"/>
</kw>
<kw name="Click Button" owner="SeleniumLibrary">
<msg time="2026-06-01T13:27:30.611901" level="INFO">Clicking button 'id=btnLogin'.</msg>
<arg>id=btnLogin</arg>
<doc>Clicks the button identified by ``locator``.</doc>
<status status="PASS" start="2026-06-01T13:27:30.611508" elapsed="0.130093"/>
</kw>
<status status="PASS" start="2026-06-01T13:27:00.299766" elapsed="30.442226"/>
</kw>
<kw name="Validar Login" owner="keywords">
<kw name="Wait Until Element Is Visible" owner="SeleniumLibrary">
<arg>id=swal2-title</arg>
<arg>10s</arg>
<doc>Waits until the element ``locator`` is visible.</doc>
<status status="PASS" start="2026-06-01T13:27:30.743209" elapsed="0.029943"/>
</kw>
<kw name="Element Text Should Be" owner="SeleniumLibrary">
<msg time="2026-06-01T13:27:30.774550" level="INFO">Verifying element 'id=swal2-title' contains exact text 'Login realizado'.</msg>
<arg>id=swal2-title</arg>
<arg>Login realizado</arg>
<doc>Verifies that element ``locator`` contains exact the text ``expected``.</doc>
<status status="PASS" start="2026-06-01T13:27:30.773733" elapsed="0.026487"/>
</kw>
<status status="PASS" start="2026-06-01T13:27:30.742518" elapsed="0.058017"/>
</kw>
<kw name="Close Browser" owner="SeleniumLibrary">
<doc>Closes the current browser.</doc>
<status status="PASS" start="2026-06-01T13:27:30.800888" elapsed="0.076311"/>
</kw>
<tag>Login</tag>
<status status="PASS" start="2026-06-01T13:26:58.802074" elapsed="32.075550"/>
</test>
<status status="PASS" start="2026-06-01T13:26:58.634852" elapsed="32.255084"/>
</suite>
<status status="PASS" start="2026-06-01T13:26:58.624460" elapsed="32.322952"/>
</suite>
<status status="PASS" start="2026-06-01T13:26:58.613411" elapsed="32.409749"/>
</suite>
<status status="PASS" start="2026-06-01T13:26:58.602494" elapsed="32.483362"/>
</suite>
<status status="PASS" start="2026-06-01T13:26:58.552462" elapsed="32.541660"/>
</suite>
<statistics>
<total>
<stat pass="1" fail="0" skip="0">All Tests</stat>
</total>
<tag>
<stat pass="1" fail="0" skip="0">Login</stat>
</tag>
<suite>
<stat pass="1" fail="0" skip="0" id="s1" name="Robotframework">Robotframework</stat>
<stat pass="1" fail="0" skip="0" id="s1-s1" name="Projetos">Robotframework.Projetos</stat>
<stat pass="1" fail="0" skip="0" id="s1-s1-s1" name="Qazando-Shop">Robotframework.Projetos.Qazando-Shop</stat>
<stat pass="1" fail="0" skip="0" id="s1-s1-s1-s1" name="Tests">Robotframework.Projetos.Qazando-Shop.Tests</stat>
<stat pass="1" fail="0" skip="0" id="s1-s1-s1-s1-s1" name="Login">Robotframework.Projetos.Qazando-Shop.Tests.Login</stat>
</suite>
</statistics>
<errors>
</errors>
</robot>
