<?xml version="1.0" encoding="UTF-8"?>
<robot generator="Robot 7.0.1 (Python 3.10.12 on linux)" generated="2024-08-16T16:21:15.273521" rpa="false" schemaversion="5">
<suite id="s1" name="Login" source="/home/rfahham/projetos/robot-framework/projetos/sandbox/login/login.robot">
<test id="s1-t1" name="Cenário 1: Acessando o site sandbox" line="27">
<kw name="Abrir Site">
<kw name="Open Browser" owner="SeleniumLibrary">
<msg time="2024-08-16T16:21:15.422980" level="INFO">Opening browser 'chrome' to base url 'https://sandbox.moodledemo.net/login/index.php'.</msg>
<arg>--{url}</arg>
<arg>chrome</arg>
<doc>Opens a new browser instance to the optional ``url``.</doc>
<status status="PASS" start="2024-08-16T16:21:15.422726" elapsed="6.832943"/>
</kw>
<status status="PASS" start="2024-08-16T16:21:15.421865" elapsed="6.834028"/>
</kw>
<kw name="Preencher campos">
<kw name="Input Text" owner="SeleniumLibrary">
<msg time="2024-08-16T16:21:22.257197" level="INFO">Typing text 'admin' into text field 'name:username'.</msg>
<arg>--{input_username}</arg>
<arg>admin</arg>
<doc>Types the given ``text`` into the text field identified by ``locator``.</doc>
<status status="PASS" start="2024-08-16T16:21:22.256681" elapsed="0.156023"/>
</kw>
<kw name="Input Text" owner="SeleniumLibrary">
<msg time="2024-08-16T16:21:22.413552" level="INFO">Typing text 'sandbox' into text field 'name:password'.</msg>
<arg>--{input_password}</arg>
<arg>sandbox</arg>
<doc>Types the given ``text`` into the text field identified by ``locator``.</doc>
<status status="PASS" start="2024-08-16T16:21:22.413126" elapsed="0.143046"/>
</kw>
<status status="PASS" start="2024-08-16T16:21:22.256330" elapsed="0.300204"/>
</kw>
<kw name="Clicar em Acessar">
<kw name="Click Element" owner="SeleniumLibrary">
<msg time="2024-08-16T16:21:22.558420" level="INFO">Clicking element 'id:loginbtn'.</msg>
<arg>--{button_Acessar}</arg>
<doc>Click the element identified by ``locator``.</doc>
<status status="PASS" start="2024-08-16T16:21:22.557862" elapsed="1.263097"/>
</kw>
<kw name="Sleep" owner="BuiltIn">
<msg time="2024-08-16T16:21:33.821899" level="INFO">Slept 10 seconds.</msg>
<arg>10s</arg>
<doc>Pauses the test executed for the given time.</doc>
<status status="PASS" start="2024-08-16T16:21:23.821343" elapsed="10.000850"/>
</kw>
<status status="PASS" start="2024-08-16T16:21:22.557132" elapsed="11.265298"/>
</kw>
<kw name="Fechar Site">
<kw name="Close Browser" owner="SeleniumLibrary">
<doc>Closes the current browser.</doc>
<status status="PASS" start="2024-08-16T16:21:33.824176" elapsed="0.067568"/>
</kw>
<status status="PASS" start="2024-08-16T16:21:33.823093" elapsed="0.068949"/>
</kw>
<status status="PASS" start="2024-08-16T16:21:15.421273" elapsed="18.471003"/>
</test>
<status status="PASS" start="2024-08-16T16:21:15.274375" elapsed="18.618393"/>
</suite>
<statistics>
<total>
<stat pass="1" fail="0" skip="0">All Tests</stat>
</total>
<tag>
</tag>
<suite>
<stat pass="1" fail="0" skip="0" id="s1" name="Login">Login</stat>
</suite>
</statistics>
<errors>
</errors>
</robot>
