<?xml version="1.0" encoding="UTF-8"?>
<robot generator="Robot 7.1 (Python 3.10.12 on linux)" generated="2024-10-30T10:40:57.628818" rpa="false" schemaversion="5">
<suite id="s1" name="Login" source="/home/rfahham/projetos/robotframework/projetos/login/login.robot">
<test id="s1-t1" name="Cenário 5: Inserir e-mail e senha válidos" line="25">
<kw name="Abrir site" owner="keywords">
<kw name="Open Browser" owner="SeleniumLibrary">
<msg time="2024-10-30T10:40:57.824907" level="INFO">Opening browser 'chrome' to base url 'https://horadoqa.github.io/login/'.</msg>
<arg>${url_site}</arg>
<arg>${browser}</arg>
<doc>Opens a new browser instance to the optional ``url``.</doc>
<status status="PASS" start="2024-10-30T10:40:57.824129" elapsed="1.894615"/>
</kw>
<status status="PASS" start="2024-10-30T10:40:57.823070" elapsed="1.896257"/>
</kw>
<kw name="Ambos Válidos" owner="keywords">
<kw name="Click Element" owner="SeleniumLibrary">
<msg time="2024-10-30T10:40:59.721842" level="INFO">Clicking element '//*[@id="username"]'.</msg>
<arg>${locator_username}</arg>
<doc>Click the element identified by ``locator``.</doc>
<status status="PASS" start="2024-10-30T10:40:59.720965" elapsed="0.096693"/>
</kw>
<kw name="Input Text" owner="SeleniumLibrary">
<msg time="2024-10-30T10:40:59.818997" level="INFO">Typing text 'usuario@example.com' into text field '//*[@id="username"]'.</msg>
<arg>${locator_username}</arg>
<arg>text=usuario@example.com</arg>
<doc>Types the given ``text`` into the text field identified by ``locator``.</doc>
<status status="PASS" start="2024-10-30T10:40:59.818191" elapsed="0.147052"/>
</kw>
<kw name="Click Element" owner="SeleniumLibrary">
<msg time="2024-10-30T10:40:59.966667" level="INFO">Clicking element '//*[@id="password"]'.</msg>
<arg>${locator_password}</arg>
<doc>Click the element identified by ``locator``.</doc>
<status status="PASS" start="2024-10-30T10:40:59.965828" elapsed="0.093066"/>
</kw>
<kw name="Input Text" owner="SeleniumLibrary">
<msg time="2024-10-30T10:41:00.060976" level="INFO">Typing text '1q2w3e4r' into text field '//*[@id="password"]'.</msg>
<arg>${locator_password}</arg>
<arg>text=1q2w3e4r</arg>
<doc>Types the given ``text`` into the text field identified by ``locator``.</doc>
<status status="PASS" start="2024-10-30T10:41:00.059940" elapsed="0.112350"/>
</kw>
<kw name="Click Element" owner="SeleniumLibrary">
<msg time="2024-10-30T10:41:00.173852" level="INFO">Clicking element '//button[contains(text(),"Entrar")]'.</msg>
<arg>${locator_button}</arg>
<doc>Click the element identified by ``locator``.</doc>
<status status="PASS" start="2024-10-30T10:41:00.172967" elapsed="0.436201"/>
</kw>
<kw name="Sleep" owner="BuiltIn">
<msg time="2024-10-30T10:41:03.611466" level="INFO">Slept 3 seconds.</msg>
<arg>3s</arg>
<doc>Pauses the test executed for the given time.</doc>
<status status="PASS" start="2024-10-30T10:41:00.610121" elapsed="3.002005"/>
</kw>
<kw name="Wait Until Element Is Visible" owner="SeleniumLibrary">
<arg>${validar}</arg>
<arg>5</arg>
<doc>Waits until the element ``locator`` is visible.</doc>
<status status="PASS" start="2024-10-30T10:41:03.612543" elapsed="0.032566"/>
</kw>
<kw name="Element Should Be Visible" owner="SeleniumLibrary">
<msg time="2024-10-30T10:41:03.665336" level="INFO">Element '//h1[contains(text(),"Bem-vindo")]' is displayed.</msg>
<arg>${validar}</arg>
<doc>Verifies that the element identified by ``locator`` is visible.</doc>
<status status="PASS" start="2024-10-30T10:41:03.645525" elapsed="0.020127"/>
</kw>
<kw name="Sleep" owner="BuiltIn">
<msg time="2024-10-30T10:41:23.666837" level="INFO">Slept 20 seconds.</msg>
<arg>20s</arg>
<doc>Pauses the test executed for the given time.</doc>
<status status="PASS" start="2024-10-30T10:41:03.665897" elapsed="20.002368"/>
</kw>
<status status="PASS" start="2024-10-30T10:40:59.720074" elapsed="23.949119"/>
</kw>
<kw name="Fechar site" owner="keywords">
<kw name="Close Browser" owner="SeleniumLibrary">
<doc>Closes the current browser.</doc>
<status status="PASS" start="2024-10-30T10:41:23.678419" elapsed="0.094302"/>
</kw>
<status status="PASS" start="2024-10-30T10:41:23.673717" elapsed="0.099301"/>
</kw>
<status status="PASS" start="2024-10-30T10:40:57.821520" elapsed="25.952048"/>
</test>
<status status="PASS" start="2024-10-30T10:40:57.633168" elapsed="26.141540"/>
</suite>
<statistics>
<total>
<stat pass="1" fail="0" skip="0">All Tests</stat>
</total>
<tag>
</tag>
<suite>
<stat pass="1" fail="0" skip="0" id="s1" name="Login">Login</stat>
</suite>
</statistics>
<errors>
</errors>
</robot>
