<?xml version="1.0" encoding="UTF-8"?>
<robot generator="Robot 7.0.1 (Python 3.10.12 on linux)" generated="2024-08-19T17:30:00.626031" rpa="false" schemaversion="5">
<suite id="s1" name="Logout" source="/home/rfahham/projetos/robot-framework/projetos/sandbox/logout/logout.robot">
<test id="s1-t1" name="Cenário 1: Acessando o site sandbox" line="34">
<kw name="Abrir Site">
<kw name="Open Browser" owner="SeleniumLibrary">
<msg time="2024-08-19T17:30:00.888014" level="INFO">Opening browser 'chrome' to base url 'https://sandbox.moodledemo.net/login/index.php'.</msg>
<arg>--{url}</arg>
<arg>chrome</arg>
<doc>Opens a new browser instance to the optional ``url``.</doc>
<status status="PASS" start="2024-08-19T17:30:00.887727" elapsed="8.261824"/>
</kw>
<status status="PASS" start="2024-08-19T17:30:00.887046" elapsed="8.262673"/>
</kw>
<kw name="Preencher campos">
<kw name="Input Text" owner="SeleniumLibrary">
<msg time="2024-08-19T17:30:09.151312" level="INFO">Typing text 'admin' into text field 'name:username'.</msg>
<arg>--{input_username}</arg>
<arg>admin</arg>
<doc>Types the given ``text`` into the text field identified by ``locator``.</doc>
<status status="PASS" start="2024-08-19T17:30:09.150604" elapsed="0.189786"/>
</kw>
<kw name="Input Text" owner="SeleniumLibrary">
<msg time="2024-08-19T17:30:09.342165" level="INFO">Typing text 'sandbox' into text field 'name:password'.</msg>
<arg>--{input_password}</arg>
<arg>sandbox</arg>
<doc>Types the given ``text`` into the text field identified by ``locator``.</doc>
<status status="PASS" start="2024-08-19T17:30:09.341611" elapsed="0.129726"/>
</kw>
<status status="PASS" start="2024-08-19T17:30:09.149999" elapsed="0.321493"/>
</kw>
<kw name="Clicar em Acessar">
<kw name="Click Element" owner="SeleniumLibrary">
<msg time="2024-08-19T17:30:09.474473" level="INFO">Clicking element 'id:loginbtn'.</msg>
<arg>--{button_Acessar}</arg>
<doc>Click the element identified by ``locator``.</doc>
<status status="PASS" start="2024-08-19T17:30:09.472766" elapsed="1.314889"/>
</kw>
<kw name="Sleep" owner="BuiltIn">
<msg time="2024-08-19T17:30:20.788394" level="INFO">Slept 10 seconds.</msg>
<arg>10s</arg>
<doc>Pauses the test executed for the given time.</doc>
<status status="PASS" start="2024-08-19T17:30:10.787871" elapsed="10.000699"/>
</kw>
<status status="PASS" start="2024-08-19T17:30:09.471996" elapsed="11.316753"/>
</kw>
<kw name="Clicar em Logout">
<kw name="Click Element" owner="SeleniumLibrary">
<msg time="2024-08-19T17:30:20.789644" level="INFO">Clicking element 'id:user-menu-toggle'.</msg>
<arg>--{button_user_menu_toggle}</arg>
<doc>Click the element identified by ``locator``.</doc>
<status status="PASS" start="2024-08-19T17:30:20.789419" elapsed="0.085756"/>
</kw>
<kw name="Click Element" owner="SeleniumLibrary">
<msg time="2024-08-19T17:30:20.875717" level="INFO">Clicking element '//*[@id="carousel-item-main"]/a[10]'.</msg>
<arg>--{button_Logout}</arg>
<doc>Click the element identified by ``locator``.</doc>
<status status="PASS" start="2024-08-19T17:30:20.875416" elapsed="0.717496"/>
</kw>
<kw name="Sleep" owner="BuiltIn">
<msg time="2024-08-19T17:30:31.593680" level="INFO">Slept 10 seconds.</msg>
<arg>10s</arg>
<doc>Pauses the test executed for the given time.</doc>
<status status="PASS" start="2024-08-19T17:30:21.593137" elapsed="10.000945"/>
</kw>
<status status="PASS" start="2024-08-19T17:30:20.789097" elapsed="10.805403"/>
</kw>
<kw name="Fechar Site">
<kw name="Close Browser" owner="SeleniumLibrary">
<doc>Closes the current browser.</doc>
<status status="PASS" start="2024-08-19T17:30:31.597517" elapsed="0.125492"/>
</kw>
<status status="PASS" start="2024-08-19T17:30:31.596156" elapsed="0.127087"/>
</kw>
<status status="PASS" start="2024-08-19T17:30:00.886403" elapsed="30.837329"/>
</test>
<status status="PASS" start="2024-08-19T17:30:00.627215" elapsed="31.097673"/>
</suite>
<statistics>
<total>
<stat pass="1" fail="0" skip="0">All Tests</stat>
</total>
<tag>
</tag>
<suite>
<stat pass="1" fail="0" skip="0" id="s1" name="Logout">Logout</stat>
</suite>
</statistics>
<errors>
</errors>
</robot>
